# JRE version: OpenJDK Runtime Environment (8.0_152-b01) (build 1.8.0_152-release-1343-b01)
# Java VM: OpenJDK 64-Bit Server VM (25.152-b01 mixed mode windows-amd64 compressed oops)
Heap:
 PSYoungGen      total 444928K, used 316026K [0x00000000e0000000, 0x00000000fcd00000, 0x0000000100000000)
  eden space 424960K, 73% used [0x00000000e0000000,0x00000000f32c2cb0,0x00000000f9f00000)
  from space 19968K, 9% used [0x00000000fb980000,0x00000000fbb5bdb0,0x00000000fcd00000)
  to   space 23552K, 0% used [0x00000000f9f00000,0x00000000f9f00000,0x00000000fb600000)
 ParOldGen       total 186368K, used 59760K [0x00000000a0000000, 0x00000000ab600000, 0x00000000e0000000)
  object space 186368K, 32% used [0x00000000a0000000,0x00000000a3a5c1e8,0x00000000ab600000)
 Metaspace       used 123425K, capacity 128684K, committed 129944K, reserved 1163264K
  class space    used 15288K, capacity 16214K, committed 16536K, reserved 1048576K
GC Heap History (10 events):
Event: 12262.089 GC heap before
{Heap before GC invocations=43 (full 5):
 PSYoungGen      total 354304K, used 350966K [0x00000000e0000000, 0x00000000f9d00000, 0x0000000100000000)
  eden space 331264K, 100% used [0x00000000e0000000,0x00000000f4380000,0x00000000f4380000)
  from space 23040K, 85% used [0x00000000f4380000,0x00000000f56bda80,0x00000000f5a00000)
  to   space 24064K, 0% used [0x00000000f8580000,0x00000000f8580000,0x00000000f9d00000)
 ParOldGen       total 186368K, used 51774K [0x00000000a0000000, 0x00000000ab600000, 0x00000000e0000000)
  object space 186368K, 27% used [0x00000000a0000000,0x00000000a328fad0,0x00000000ab600000)
 Metaspace       used 123062K, capacity 128332K, committed 129688K, reserved 1163264K
  class space    used 15273K, capacity 16170K, committed 16536K, reserved 1048576K
Event: 12262.149 GC heap after
Heap after GC invocations=43 (full 5):
 PSYoungGen      total 398848K, used 16108K [0x00000000e0000000, 0x00000000f9f00000, 0x0000000100000000)
  eden space 374784K, 0% used [0x00000000e0000000,0x00000000e0000000,0x00000000f6e00000)
  from space 24064K, 66% used [0x00000000f8580000,0x00000000f953b040,0x00000000f9d00000)
  to   space 24064K, 0% used [0x00000000f6e00000,0x00000000f6e00000,0x00000000f8580000)
 ParOldGen       total 186368K, used 51774K [0x00000000a0000000, 0x00000000ab600000, 0x00000000e0000000)
  object space 186368K, 27% used [0x00000000a0000000,0x00000000a328fad0,0x00000000ab600000)
 Metaspace       used 123062K, capacity 128332K, committed 129688K, reserved 1163264K
  class space    used 15273K, capacity 16170K, committed 16536K, reserved 1048576K
}
Event: 12264.116 GC heap before
{Heap before GC invocations=44 (full 5):
 PSYoungGen      total 398848K, used 390892K [0x00000000e0000000, 0x00000000f9f00000, 0x0000000100000000)
  eden space 374784K, 100% used [0x00000000e0000000,0x00000000f6e00000,0x00000000f6e00000)
  from space 24064K, 66% used [0x00000000f8580000,0x00000000f953b040,0x00000000f9d00000)
  to   space 24064K, 0% used [0x00000000f6e00000,0x00000000f6e00000,0x00000000f8580000)
 ParOldGen       total 186368K, used 51774K [0x00000000a0000000, 0x00000000ab600000, 0x00000000e0000000)
  object space 186368K, 27% used [0x00000000a0000000,0x00000000a328fad0,0x00000000ab600000)
 Metaspace       used 123114K, capacity 128396K, committed 129688K, reserved 1163264K
  class space    used 15273K, capacity 16170K, committed 16536K, reserved 1048576K
Event: 12264.197 GC heap after
Heap after GC invocations=44 (full 5):
 PSYoungGen      total 398848K, used 15488K [0x00000000e0000000, 0x00000000fd080000, 0x0000000100000000)
  eden space 374784K, 0% used [0x00000000e0000000,0x00000000e0000000,0x00000000f6e00000)
  from space 24064K, 64% used [0x00000000f6e00000,0x00000000f7d20380,0x00000000f8580000)
  to   space 23552K, 0% used [0x00000000fb980000,0x00000000fb980000,0x00000000fd080000)
 ParOldGen       total 186368K, used 51782K [0x00000000a0000000, 0x00000000ab600000, 0x00000000e0000000)
  object space 186368K, 27% used [0x00000000a0000000,0x00000000a3291ad0,0x00000000ab600000)
 Metaspace       used 123114K, capacity 128396K, committed 129688K, reserved 1163264K
  class space    used 15273K, capacity 16170K, committed 16536K, reserved 1048576K
}
Event: 12267.237 GC heap before
{Heap before GC invocations=45 (full 5):
 PSYoungGen      total 398848K, used 390272K [0x00000000e0000000, 0x00000000fd080000, 0x0000000100000000)
  eden space 374784K, 100% used [0x00000000e0000000,0x00000000f6e00000,0x00000000f6e00000)
  from space 24064K, 64% used [0x00000000f6e00000,0x00000000f7d20380,0x00000000f8580000)
  to   space 23552K, 0% used [0x00000000fb980000,0x00000000fb980000,0x00000000fd080000)
 ParOldGen       total 186368K, used 51782K [0x00000000a0000000, 0x00000000ab600000, 0x00000000e0000000)
  object space 186368K, 27% used [0x00000000a0000000,0x00000000a3291ad0,0x00000000ab600000)
 Metaspace       used 123161K, capacity 128460K, committed 129944K, reserved 1163264K
  class space    used 15274K, capacity 16170K, committed 16536K, reserved 1048576K
Event: 12267.280 GC heap after
Heap after GC invocations=45 (full 5):
 PSYoungGen      total 444928K, used 9038K [0x00000000e0000000, 0x00000000fcd00000, 0x0000000100000000)
  eden space 424960K, 0% used [0x00000000e0000000,0x00000000e0000000,0x00000000f9f00000)
  from space 19968K, 45% used [0x00000000fb980000,0x00000000fc2538a8,0x00000000fcd00000)
  to   space 23552K, 0% used [0x00000000f9f00000,0x00000000f9f00000,0x00000000fb600000)
 ParOldGen       total 186368K, used 52602K [0x00000000a0000000, 0x00000000ab600000, 0x00000000e0000000)
  object space 186368K, 28% used [0x00000000a0000000,0x00000000a335eae8,0x00000000ab600000)
 Metaspace       used 123161K, capacity 128460K, committed 129944K, reserved 1163264K
  class space    used 15274K, capacity 16170K, committed 16536K, reserved 1048576K
}
Event: 12269.926 GC heap before
{Heap before GC invocations=46 (full 5):
 PSYoungGen      total 444928K, used 433998K [0x00000000e0000000, 0x00000000fcd00000, 0x0000000100000000)
  eden space 424960K, 100% used [0x00000000e0000000,0x00000000f9f00000,0x00000000f9f00000)
  from space 19968K, 45% used [0x00000000fb980000,0x00000000fc2538a8,0x00000000fcd00000)
  to   space 23552K, 0% used [0x00000000f9f00000,0x00000000f9f00000,0x00000000fb600000)
 ParOldGen       total 186368K, used 52602K [0x00000000a0000000, 0x00000000ab600000, 0x00000000e0000000)
  object space 186368K, 28% used [0x00000000a0000000,0x00000000a335eae8,0x00000000ab600000)
 Metaspace       used 123219K, capacity 128524K, committed 129944K, reserved 1163264K
  class space    used 15274K, capacity 16170K, committed 16536K, reserved 1048576K
Event: 12269.958 GC heap after
Heap after GC invocations=46 (full 5):
 PSYoungGen      total 448512K, used 3951K [0x00000000e0000000, 0x00000000fcd00000, 0x0000000100000000)
  eden space 424960K, 0% used [0x00000000e0000000,0x00000000e0000000,0x00000000f9f00000)
  from space 23552K, 16% used [0x00000000f9f00000,0x00000000fa2dbff8,0x00000000fb600000)
  to   space 19968K, 0% used [0x00000000fb980000,0x00000000fb980000,0x00000000fcd00000)
 ParOldGen       total 186368K, used 59000K [0x00000000a0000000, 0x00000000ab600000, 0x00000000e0000000)
  object space 186368K, 31% used [0x00000000a0000000,0x00000000a399e188,0x00000000ab600000)
 Metaspace       used 123219K, capacity 128524K, committed 129944K, reserved 1163264K
  class space    used 15274K, capacity 16170K, committed 16536K, reserved 1048576K
}
Event: 12272.698 GC heap before
{Heap before GC invocations=47 (full 5):
 PSYoungGen      total 448512K, used 428911K [0x00000000e0000000, 0x00000000fcd00000, 0x0000000100000000)
  eden space 424960K, 100% used [0x00000000e0000000,0x00000000f9f00000,0x00000000f9f00000)
  from space 23552K, 16% used [0x00000000f9f00000,0x00000000fa2dbff8,0x00000000fb600000)
  to   space 19968K, 0% used [0x00000000fb980000,0x00000000fb980000,0x00000000fcd00000)
 ParOldGen       total 186368K, used 59000K [0x00000000a0000000, 0x00000000ab600000, 0x00000000e0000000)
  object space 186368K, 31% used [0x00000000a0000000,0x00000000a399e188,0x00000000ab600000)
 Metaspace       used 123262K, capacity 128528K, committed 129944K, reserved 1163264K
  class space    used 15274K, capacity 16170K, committed 16536K, reserved 1048576K
Event: 12272.708 GC heap after
Heap after GC invocations=47 (full 5):
 PSYoungGen      total 444928K, used 1903K [0x00000000e0000000, 0x00000000fcd00000, 0x0000000100000000)
  eden space 424960K, 0% used [0x00000000e0000000,0x00000000e0000000,0x00000000f9f00000)
  from space 19968K, 9% used [0x00000000fb980000,0x00000000fbb5bdb0,0x00000000fcd00000)
  to   space 23552K, 0% used [0x00000000f9f00000,0x00000000f9f00000,0x00000000fb600000)
 ParOldGen       total 186368K, used 59760K [0x00000000a0000000, 0x00000000ab600000, 0x00000000e0000000)
  object space 186368K, 32% used [0x00000000a0000000,0x00000000a3a5c1e8,0x00000000ab600000)
 Metaspace       used 123262K, capacity 128528K, committed 129944K, reserved 1163264K
  class space    used 15274K, capacity 16170K, committed 16536K, reserved 1048576K
}

